 previously unselected package liblsan0:amd64.
#8 11.82 Preparing to unpack .../36-liblsan0_14.2.0-4ubuntu2~24.04.1_amd64.deb ...
#8 11.82 Unpacking liblsan0:amd64 (14.2.0-4ubuntu2~24.04.1) ...
#8 11.85 Selecting previously unselected package libtsan2:amd64.
#8 11.85 Preparing to unpack .../37-libtsan2_14.2.0-4ubuntu2~24.04.1_amd64.deb ...
#8 11.85 Unpacking libtsan2:amd64 (14.2.0-4ubuntu2~24.04.1) ...
#8 11.90 Selecting previously unselected package libubsan1:amd64.
#8 11.90 Preparing to unpack .../38-libubsan1_14.2.0-4ubuntu2~24.04.1_amd64.deb ...
#8 11.90 Unpacking libubsan1:amd64 (14.2.0-4ubuntu2~24.04.1) ...
#8 11.93 Selecting previously unselected package libhwasan0:amd64.
#8 11.93 Preparing to unpack .../39-libhwasan0_14.2.0-4ubuntu2~24.04.1_amd64.deb ...
#8 11.93 Unpacking libhwasan0:amd64 (14.2.0-4ubuntu2~24.04.1) ...
#8 11.96 Selecting previously unselected package libquadmath0:amd64.
#8 11.96 Preparing to unpack .../40-libquadmath0_14.2.0-4ubuntu2~24.04.1_amd64.deb ...
#8 11.96 Unpacking libquadmath0:amd64 (14.2.0-4ubuntu2~24.04.1) ...
#8 11.97 Selecting previously unselected package libgcc-13-dev:amd64.
#8 11.98 Preparing to unpack .../41-libgcc-13-dev_13.3.0-6ubuntu2~24.04.1_amd64.deb ...
#8 11.98 Unpacking libgcc-13-dev:amd64 (13.3.0-6ubuntu2~24.04.1) ...
#8 12.06 Selecting previously unselected package libc-dev-bin.
#8 12.06 Preparing to unpack .../42-libc-dev-bin_2.39-0ubuntu8.7_amd64.deb ...
#8 12.06 Unpacking libc-dev-bin (2.39-0ubuntu8.7) ...
#8 12.07 Selecting previously unselected package linux-libc-dev:amd64.
#8 12.07 Preparing to unpack .../43-linux-libc-dev_6.8.0-136.136_amd64.deb ...
#8 12.07 Unpacking linux-libc-dev:amd64 (6.8.0-136.136) ...
#8 12.25 Selecting previously unselected package libcrypt-dev:amd64.
#8 12.26 Preparing to unpack .../44-libcrypt-dev_1%3a4.4.36-4build1_amd64.deb ...
#8 12.26 Unpacking libcrypt-dev:amd64 (1:4.4.36-4build1) ...
#8 12.28 Selecting previously unselected package rpcsvc-proto.
#8 12.28 Preparing to unpack .../45-rpcsvc-proto_1.4.2-0ubuntu7_amd64.deb ...
#8 12.28 Unpacking rpcsvc-proto (1.4.2-0ubuntu7) ...
#8 12.29 Selecting previously unselected package libc6-dev:amd64.
#8 12.30 Preparing to unpack .../46-libc6-dev_2.39-0ubuntu8.7_amd64.deb ...
#8 12.30 Unpacking libc6-dev:amd64 (2.39-0ubuntu8.7) ...
#8 12.43 Selecting previously unselected package libstdc++-13-dev:amd64.
#8 12.43 Preparing to unpack .../47-libstdc++-13-dev_13.3.0-6ubuntu2~24.04.1_amd64.deb ...
#8 12.43 Unpacking libstdc++-13-dev:amd64 (13.3.0-6ubuntu2~24.04.1) ...
#8 12.63 Selecting previously unselected package libgc1:amd64.
#8 12.63 Preparing to unpack .../48-libgc1_1%3a8.2.6-1build1_amd64.deb ...
#8 12.63 Unpacking libgc1:amd64 (1:8.2.6-1build1) ...
#8 12.64 Selecting previously unselected package libobjc4:amd64.
#8 12.64 Preparing to unpack .../49-libobjc4_14.2.0-4ubuntu2~24.04.1_amd64.deb ...
#8 12.65 Unpacking libobjc4:amd64 (14.2.0-4ubuntu2~24.04.1) ...
#8 12.66 Selecting previously unselected package libobjc-13-dev:amd64.
#8 12.66 Preparing to unpack .../50-libobjc-13-dev_13.3.0-6ubuntu2~24.04.1_amd64.deb ...
#8 12.66 Unpacking libobjc-13-dev:amd64 (13.3.0-6ubuntu2~24.04.1) ...
#8 12.68 Selecting previously unselected package libclang-common-20-dev:amd64.
#8 12.68 Preparing to unpack .../51-libclang-common-20-dev_1%3a20.1.2-0ubuntu1~24.04.3_amd64.deb ...
#8 12.68 Unpacking libclang-common-20-dev:amd64 (1:20.1.2-0ubuntu1~24.04.3) ...
#8 12.78 Selecting previously unselected package llvm-20-linker-tools.
#8 12.78 Preparing to unpack .../52-llvm-20-linker-tools_1%3a20.1.2-0ubuntu1~24.04.3_amd64.deb ...
#8 12.78 Unpacking llvm-20-linker-tools (1:20.1.2-0ubuntu1~24.04.3) ...
#8 12.81 Selecting previously unselected package libclang1-20.
#8 12.82 Preparing to unpack .../53-libclang1-20_1%3a20.1.2-0ubuntu1~24.04.3_amd64.deb ...
#8 12.82 Unpacking libclang1-20 (1:20.1.2-0ubuntu1~24.04.3) ...
#8 12.95 Selecting previously unselected package clang-20.
#8 12.95 Preparing to unpack .../54-clang-20_1%3a20.1.2-0ubuntu1~24.04.3_amd64.deb ...
#8 12.95 Unpacking clang-20 (1:20.1.2-0ubuntu1~24.04.3) ...
#8 12.97 Selecting previously unselected package libarchive13t64:amd64.
#8 12.97 Preparing to unpack .../55-libarchive13t64_3.7.2-2ubuntu0.8_amd64.deb ...
#8 12.97 Unpacking libarchive13t64:amd64 (3.7.2-2ubuntu0.8) ...
#8 12.98 Selecting previously unselected package libbrotli1:amd64.
#8 12.99 Preparing to unpack .../56-libbrotli1_1.1.0-2build2_amd64.deb ...
#8 12.99 Unpacking libbrotli1:amd64 (1.1.0-2build2) ...
#8 13.00 Selecting previously unselected package libsasl2-modules-db:amd64.
#8 13.01 Preparing to unpack .../57-libsasl2-modules-db_2.1.28+dfsg1-5ubuntu3.1_amd64.deb ...
#8 13.01 Unpacking libsasl2-modules-db:amd64 (2.1.28+dfsg1-5ubuntu3.1) ...
#8 13.02 Selecting previously unselected package libsasl2-2:amd64.
#8 13.02 Preparing to unpack .../58-libsasl2-2_2.1.28+dfsg1-5ubuntu3.1_amd64.deb ...
#8 13.02 Unpacking libsasl2-2:amd64 (2.1.28+dfsg1-5ubuntu3.1) ...
#8 13.04 Selecting previously unselected package libldap2:amd64.
#8 13.04 Preparing to unpack .../59-libldap2_2.6.10+dfsg-0ubuntu0.24.04.1_amd64.deb ...
#8 13.04 Unpacking libldap2:amd64 (2.6.10+dfsg-0ubuntu0.24.04.1) ...
#8 13.05 Selecting previously unselected package librtmp1:amd64.
#8 13.06 Preparing to unpack .../60-librtmp1_2.4+20151223.gitfa8646d.1-2build7_amd64.deb ...
#8 13.06 Unpacking librtmp1:amd64 (2.4+20151223.gitfa8646d.1-2build7) ...
#8 13.07 Selecting previously unselected package libssh-4:amd64.
#8 13.07 Preparing to unpack .../61-libssh-4_0.10.6-2ubuntu0.4_amd64.deb ...
#8 13.07 Unpacking libssh-4:amd64 (0.10.6-2ubuntu0.4) ...
#8 13.09 Selecting previously unselected package libcurl4t64:amd64.
#8 13.09 Preparing to unpack .../62-libcurl4t64_8.5.0-2ubuntu10.11_amd64.deb ...
#8 13.09 Unpacking libcurl4t64:amd64 (8.5.0-2ubuntu10.11) ...
#8 13.10 Selecting previously unselected package libjsoncpp25:amd64.
#8 13.11 Preparing to unpack .../63-libjsoncpp25_1.9.5-6build1_amd64.deb ...
#8 13.11 Unpacking libjsoncpp25:amd64 (1.9.5-6build1) ...
#8 13.12 Selecting previously unselected package librhash0:amd64.
#8 13.12 Preparing to unpack .../64-librhash0_1.4.3-3build1_amd64.deb ...
#8 13.12 Unpacking librhash0:amd64 (1.4.3-3build1) ...
#8 13.14 Selecting previously unselected package cmake-data.
#8 13.14 Preparing to unpack .../65-cmake-data_3.28.3-1build7_all.deb ...
#8 13.14 Unpacking cmake-data (3.28.3-1build7) ...
#8 13.68 Selecting previously unselected package cmake.
#8 13.68 Preparing to unpack .../66-cmake_3.28.3-1build7_amd64.deb ...
#8 13.69 Unpacking cmake (3.28.3-1build7) ...
#8 13.84 Selecting previously unselected package libisl23:amd64.
#8 13.84 Preparing to unpack .../67-libisl23_0.26-3build1.1_amd64.deb ...
#8 13.84 Unpacking libisl23:amd64 (0.26-3build1.1) ...
#8 13.86 Selecting previously unselected package libmpfr6:amd64.
#8 13.87 Preparing to unpack .../68-libmpfr6_4.2.1-1build1.1_amd64.deb ...
#8 13.87 Unpacking libmpfr6:amd64 (4.2.1-1build1.1) ...
#8 13.88 Selecting previously unselected package libmpc3:amd64.
#8 13.88 Preparing to unpack .../69-libmpc3_1.3.1-1build1.1_amd64.deb ...
#8 13.89 Unpacking libmpc3:amd64 (1.3.1-1build1.1) ...
#8 13.90 Selecting previously unselected package cpp-13-x86-64-linux-gnu.
#8 13.90 Preparing to unpack .../70-cpp-13-x86-64-linux-gnu_13.3.0-6ubuntu2~24.04.1_amd64.deb ...
#8 13.90 Unpacking cpp-13-x86-64-linux-gnu (13.3.0-6ubuntu2~24.04.1) ...
#8 14.03 Selecting previously unselected package cpp-13.
#8 14.04 Preparing to unpack .../71-cpp-13_13.3.0-6ubuntu2~24.04.1_amd64.deb ...
#8 14.04 Unpacking cpp-13 (13.3.0-6ubuntu2~24.04.1) ...
#8 14.05 Selecting previously unselected package cpp-x86-64-linux-gnu.
#8 14.05 Preparing to unpack .../72-cpp-x86-64-linux-gnu_4%3a13.2.0-7ubuntu1_amd64.deb ...
#8 14.05 Unpacking cpp-x86-64-linux-gnu (4:13.2.0-7ubuntu1) ...
#8 14.07 Selecting previously unselected package cpp.
#8 14.07 Preparing to unpack .../73-cpp_4%3a13.2.0-7ubuntu1_amd64.deb ...
#8 14.07 Unpacking cpp (4:13.2.0-7ubuntu1) ...
#8 14.09 Selecting previously unselected package libcc1-0:amd64.
#8 14.09 Preparing to unpack .../74-libcc1-0_14.2.0-4ubuntu2~24.04.1_amd64.deb ...
#8 14.09 Unpacking libcc1-0:amd64 (14.2.0-4ubuntu2~24.04.1) ...
#8 14.10 Selecting previously unselected package gcc-13-x86-64-linux-gnu.
#8 14.10 Preparing to unpack .../75-gcc-13-x86-64-linux-gnu_13.3.0-6ubuntu2~24.04.1_amd64.deb ...
#8 14.11 Unpacking gcc-13-x86-64-linux-gnu (13.3.0-6ubuntu2~24.04.1) ...
#8 14.36 Selecting previously unselected package gcc-13.
#8 14.37 Preparing to unpack .../76-gcc-13_13.3.0-6ubuntu2~24.04.1_amd64.deb ...
#8 14.37 Unpacking gcc-13 (13.3.0-6ubuntu2~24.04.1) ...
#8 14.38 Selecting previously unselected package gcc-x86-64-linux-gnu.
#8 14.39 Preparing to unpack .../77-gcc-x86-64-linux-gnu_4%3a13.2.0-7ubuntu1_amd64.deb ...
#8 14.39 Unpacking gcc-x86-64-linux-gnu (4:13.2.0-7ubuntu1) ...
#8 14.40 Selecting previously unselected package gcc.
#8 14.40 Preparing to unpack .../78-gcc_4%3a13.2.0-7ubuntu1_amd64.deb ...
#8 14.40 Unpacking gcc (4:13.2.0-7ubuntu1) ...
#8 14.42 Selecting previously unselected package g++-13-x86-64-linux-gnu.
#8 14.42 Preparing to unpack .../79-g++-13-x86-64-linux-gnu_13.3.0-6ubuntu2~24.04.1_amd64.deb ...
#8 14.42 Unpacking g++-13-x86-64-linux-gnu (13.3.0-6ubuntu2~24.04.1) ...
#8 14.57 Selecting previously unselected package g++-13.
#8 14.57 Preparing to unpack .../80-g++-13_13.3.0-6ubuntu2~24.04.1_amd64.deb ...
#8 14.57 Unpacking g++-13 (13.3.0-6ubuntu2~24.04.1) ...
#8 14.59 Selecting previously unselected package g++-x86-64-linux-gnu.
#8 14.59 Preparing to unpack .../81-g++-x86-64-linux-gnu_4%3a13.2.0-7ubuntu1_amd64.deb ...
#8 14.59 Unpacking g++-x86-64-linux-gnu (4:13.2.0-7ubuntu1) ...
#8 14.60 Selecting previously unselected package g++.
#8 14.60 Preparing to unpack .../82-g++_4%3a13.2.0-7ubuntu1_amd64.deb ...
#8 14.60 Unpacking g++ (4:13.2.0-7ubuntu1) ...
#8 14.62 Selecting previously unselected package icu-devtools.
#8 14.62 Preparing to unpack .../83-icu-devtools_74.2-1ubuntu3.1_amd64.deb ...
#8 14.62 Unpacking icu-devtools (74.2-1ubuntu3.1) ...
#8 14.65 Selecting previously unselected package libclang-20-dev.
#8 14.65 Preparing to unpack .../84-libclang-20-dev_1%3a20.1.2-0ubuntu1~24.04.3_amd64.deb ...
#8 14.65 Unpacking libclang-20-dev (1:20.1.2-0ubuntu1~24.04.3) ...
#8 15.73 Selecting previously unselected package libicu-dev:amd64.
#8 15.73 Preparing to unpack .../85-libicu-dev_74.2-1ubuntu3.1_amd64.deb ...
#8 15.73 Unpacking libicu-dev:amd64 (74.2-1ubuntu3.1) ...
#8 15.95 Selecting previously unselected package libncurses-dev:amd64.
#8 15.95 Preparing to unpack .../86-libncurses-dev_6.4+20240113-1ubuntu2.1_amd64.deb ...
#8 15.95 Unpacking libncurses-dev:amd64 (6.4+20240113-1ubuntu2.1) ...
#8 15.98 Selecting previously unselected package libxml2-dev:amd64.
#8 15.98 Preparing to unpack .../87-libxml2-dev_2.9.14+dfsg-1.3ubuntu3.8_amd64.deb ...
#8 15.99 Unpacking libxml2-dev:amd64 (2.9.14+dfsg-1.3ubuntu3.8) ...
#8 16.02 Selecting previously unselected package libzstd-dev:amd64.
#8 16.02 Preparing to unpack .../88-libzstd-dev_1.5.5+dfsg2-2build1.1_amd64.deb ...
#8 16.02 Unpacking libzstd-dev:amd64 (1.5.5+dfsg2-2build1.1) ...
#8 16.04 Selecting previously unselected package llvm-20-runtime.
#8 16.05 Preparing to unpack .../89-llvm-20-runtime_1%3a20.1.2-0ubuntu1~24.04.3_amd64.deb ...
#8 16.05 Unpacking llvm-20-runtime (1:20.1.2-0ubuntu1~24.04.3) ...
#8 16.07 Selecting previously unselected package libpfm4:amd64.
#8 16.07 Preparing to unpack .../90-libpfm4_4.13.0+git32-g0d4ed0e-1_amd64.deb ...
#8 16.07 Unpacking libpfm4:amd64 (4.13.0+git32-g0d4ed0e-1) ...
#8 16.09 Selecting previously unselected package llvm-20.
#8 16.10 Preparing to unpack .../91-llvm-20_1%3a20.1.2-0ubuntu1~24.04.3_amd64.deb ...
#8 16.10 Unpacking llvm-20 (1:20.1.2-0ubuntu1~24.04.3) ...
#8 16.44 Selecting previously unselected package libffi-dev:amd64.
#8 16.44 Preparing to unpack .../92-libffi-dev_3.4.6-1build1_amd64.deb ...
#8 16.44 Unpacking libffi-dev:amd64 (3.4.6-1build1) ...
#8 16.46 Selecting previously unselected package llvm-20-tools.
#8 16.46 Preparing to unpack .../93-llvm-20-tools_1%3a20.1.2-0ubuntu1~24.04.3_amd64.deb ...
#8 16.46 Unpacking llvm-20-tools (1:20.1.2-0ubuntu1~24.04.3) ...
#8 16.58 Selecting previously unselected package llvm-20-dev.
#8 16.58 Preparing to unpack .../94-llvm-20-dev_1%3a20.1.2-0ubuntu1~24.04.3_amd64.deb ...
#8 16.58 Unpacking llvm-20-dev (1:20.1.2-0ubuntu1~24.04.3) ...
#8 18.05 Selecting previously unselected package ninja-build.
#8 18.05 Preparing to unpack .../95-ninja-build_1.11.1-2_amd64.deb ...
#8 18.05 Unpacking ninja-build (1.11.1-2) ...
#8 18.07 Selecting previously unselected package zlib1g-dev:amd64.
#8 18.07 Preparing to unpack .../96-zlib1g-dev_1%3a1.3.dfsg-3.1ubuntu2.1_amd64.deb ...
#8 18.07 Unpacking zlib1g-dev:amd64 (1:1.3.dfsg-3.1ubuntu2.1) ...
#8 18.10 Setting up media-types (10.1.0) ...
#8 18.10 Setting up libkeyutils1:amd64 (1.6.3-3build1) ...
#8 18.10 Setting up libzstd-dev:amd64 (1.5.5+dfsg2-2build1.1) ...
#8 18.11 Setting up libyaml-0-2:amd64 (0.2.5-1build1) ...
#8 18.11 Setting up libclang-common-20-dev:amd64 (1:20.1.2-0ubuntu1~24.04.3) ...
#8 18.11 Setting up libbrotli1:amd64 (1.1.0-2build2) ...
#8 18.11 Setting up libsqlite3-0:amd64 (3.45.1-1ubuntu2.7) ...
#8 18.11 Setting up libuv1t64:amd64 (1.48.0-1.1build1) ...
#8 18.12 Setting up binutils-common:amd64 (2.42-4ubuntu2.10) ...
#8 18.12 Setting up libpsl5t64:amd64 (0.21.2-1.1build1) ...
#8 18.12 Setting up libnghttp2-14:amd64 (1.59.0-1ubuntu0.4) ...
#8 18.12 Setting up linux-libc-dev:amd64 (6.8.0-136.136) ...
#8 18.12 Setting up libctf-nobfd0:amd64 (2.42-4ubuntu2.10) ...
#8 18.13 Setting up libgomp1:amd64 (14.2.0-4ubuntu2~24.04.1) ...
#8 18.13 Setting up libffi-dev:amd64 (3.4.6-1build1) ...
#8 18.13 Setting up libsframe1:amd64 (2.42-4ubuntu2.10) ...
#8 18.13 Setting up ninja-build (1.11.1-2) ...
#8 18.13 Setting up libjansson4:amd64 (2.14-2build2) ...
#8 18.14 Setting up libkrb5support0:amd64 (1.20.1-6ubuntu2.7) ...
#8 18.14 Setting up libsasl2-modules-db:amd64 (2.1.28+dfsg1-5ubuntu3.1) ...
#8 18.14 Setting up tzdata (2026b-0ubuntu0.24.04.1) ...
#8 18.24 debconf: unable to initialize frontend: Dialog
#8 18.24 debconf: (TERM is not set, so the dialog frontend is not usable.)
#8 18.24 debconf: falling back to frontend: Readline
#8 18.24 debconf: unable to initialize frontend: Readline
#8 18.24 debconf: (Can't locate Term/ReadLine.pm in @INC (you may need to install the Term::ReadLine module) (@INC entries checked: /etc/perl /usr/local/lib/x86_64-linux-gnu/perl/5.38.2 /usr/local/share/perl/5.38.2 /usr/lib/x86_64-linux-gnu/perl5/5.38 /usr/share/perl5 /usr/lib/x86_64-linux-gnu/perl-base /usr/lib/x86_64-linux-gnu/perl/5.38 /usr/share/perl/5.38 /usr/local/lib/site_perl) at /usr/share/perl5/Debconf/FrontEnd/Readline.pm line 8.)
#8 18.24 debconf: falling back to frontend: Teletype
#8 18.28 Configuring tzdata
#8 18.28 ------------------
#8 18.28 
#8 18.28 Please select the geographic area in which you live. Subsequent configuration
#8 18.28 questions will narrow this down by presenting a list of cities, representing
#8 18.28 the time zones in which they are located.
#8 18.28 
#8 18.28   1. Africa      4. Arctic    7. Australia  10. Pacific
#8 18.28   2. America     5. Asia      8. Europe     11. Etc
#8 18.28   3. Antarctica  6. Atlantic  9. Indian     12. Legacy
#8 18.28 Geographic area: 
#8 18.28 Use of uninitialized value $_[1] in join or string at /usr/share/perl5/Debconf/DbDriver/Stack.pm line 112.
#8 18.29 
#8 18.29 Current default time zone: '/UTC'
#8 18.30 Local time is now:      Wed Jul 22 17:40:59 UTC 2026.
#8 18.30 Universal Time is now:  Wed Jul 22 17:40:59 UTC 2026.
#8 18.30 Run 'dpkg-reconfigure tzdata' if you wish to change it.
#8 18.30 
#8 18.30 Use of uninitialized value $val in substitution (s///) at /usr/share/perl5/Debconf/Format/822.pm line 84, <GEN6> line 4.
#8 18.30 Use of uninitialized value $val in concatenation (.) or string at /usr/share/perl5/Debconf/Format/822.pm line 85, <GEN6> line 4.
#8 18.31 Setting up libpfm4:amd64 (4.13.0+git32-g0d4ed0e-1) ...
#8 18.31 Setting up rpcsvc-proto (1.4.2-0ubuntu7) ...
#8 18.31 Setting up gcc-13-base:amd64 (13.3.0-6ubuntu2~24.04.1) ...
#8 18.31 Setting up libmpfr6:amd64 (4.2.1-1build1.1) ...
#8 18.32 Setting up librtmp1:amd64 (2.4+20151223.gitfa8646d.1-2build7) ...
#8 18.32 Setting up libncurses6:amd64 (6.4+20240113-1ubuntu2.1) ...
#8 18.32 Setting up libquadmath0:amd64 (14.2.0-4ubuntu2~24.04.1) ...
#8 18.32 Setting up libmpc3:amd64 (1.3.1-1build1.1) ...
#8 18.32 Setting up libatomic1:amd64 (14.2.0-4ubuntu2~24.04.1) ...
#8 18.33 Setting up libjsoncpp25:amd64 (1.9.5-6build1) ...
#8 18.33 Setting up libncursesw6:amd64 (6.4+20240113-1ubuntu2.1) ...
#8 18.33 Setting up libk5crypto3:amd64 (1.20.1-6ubuntu2.7) ...
#8 18.33 Setting up libgc1:amd64 (1:8.2.6-1build1) ...
#8 18.34 Setting up libsasl2-2:amd64 (2.1.28+dfsg1-5ubuntu3.1) ...
#8 18.34 Setting up libubsan1:amd64 (14.2.0-4ubuntu2~24.04.1) ...
#8 18.34 Setting up libicu74:amd64 (74.2-1ubuntu3.1) ...
#8 18.34 Setting up libhwasan0:amd64 (14.2.0-4ubuntu2~24.04.1) ...
#8 18.35 Setting up librhash0:amd64 (1.4.3-3build1) ...
#8 18.35 Setting up libcrypt-dev:amd64 (1:4.4.36-4build1) ...
#8 18.35 Setting up libasan8:amd64 (14.2.0-4ubuntu2~24.04.1) ...
#8 18.36 Setting up netbase (6.4) ...
#8 18.36 Setting up cmake-data (3.28.3-1build7) ...
#8 18.37 Setting up libkrb5-3:amd64 (1.20.1-6ubuntu2.7) ...
#8 18.37 Setting up libtsan2:amd64 (14.2.0-4ubuntu2~24.04.1) ...
#8 18.37 Setting up libbinutils:amd64 (2.42-4ubuntu2.10) ...
#8 18.38 Setting up libisl23:amd64 (0.26-3build1.1) ...
#8 18.38 Setting up libc-dev-bin (2.39-0ubuntu8.7) ...
#8 18.38 Setting up openssl (3.0.13-0ubuntu3.11) ...
#8 18.38 Setting up libbsd0:amd64 (0.12.1-1build1.1) ...
#8 18.39 Setting up readline-common (8.2-4build1) ...
#8 18.40 Setting up libxml2:amd64 (2.9.14+dfsg-1.3ubuntu3.8) ...
#8 18.41 Setting up libcc1-0:amd64 (14.2.0-4ubuntu2~24.04.1) ...
#8 18.41 Setting up libldap2:amd64 (2.6.10+dfsg-0ubuntu0.24.04.1) ...
#8 18.41 Setting up liblsan0:amd64 (14.2.0-4ubuntu2~24.04.1) ...
#8 18.41 Setting up libitm1:amd64 (14.2.0-4ubuntu2~24.04.1) ...
#8 18.42 Setting up libctf0:amd64 (2.42-4ubuntu2.10) ...
#8 18.42 Setting up cpp-13-x86-64-linux-gnu (13.3.0-6ubuntu2~24.04.1) ...
#8 18.42 Setting up libedit2:amd64 (3.1-20230828-1build1) ...
#8 18.42 Setting up libobjc4:amd64 (14.2.0-4ubuntu2~24.04.1) ...
#8 18.42 Setting up ca-certificates (20260601~24.04.1) ...
#8 18.50 debconf: unable to initialize frontend: Dialog
#8 18.50 debconf: (TERM is not set, so the dialog frontend is not usable.)
#8 18.50 debconf: falling back to frontend: Readline
#8 18.50 debconf: unable to initialize frontend: Readline
#8 18.50 debconf: (Can't locate Term/ReadLine.pm in @INC (you may need to install the Term::ReadLine module) (@INC entries checked: /etc/perl /usr/local/lib/x86_64-linux-gnu/perl/5.38.2 /usr/local/share/perl/5.38.2 /usr/lib/x86_64-linux-gnu/perl5/5.38 /usr/share/perl5 /usr/lib/x86_64-linux-gnu/perl-base /usr/lib/x86_64-linux-gnu/perl/5.38 /usr/share/perl/5.38 /usr/local/lib/site_perl) at /usr/share/perl5/Debconf/FrontEnd/Readline.pm line 8.)
#8 18.50 debconf: falling back to frontend: Teletype
#8 18.85 Updating certificates in /etc/ssl/certs...
#8 19.33 121 added, 0 removed; done.
#8 19.35 Setting up libgprofng0:amd64 (2.42-4ubuntu2.10) ...
#8 19.35 Setting up libgssapi-krb5-2:amd64 (1.20.1-6ubuntu2.7) ...
#8 19.36 Setting up libllvm20:amd64 (1:20.1.2-0ubuntu1~24.04.3) ...
#8 19.36 Setting up icu-devtools (74.2-1ubuntu3.1) ...
#8 19.36 Setting up libssh-4:amd64 (0.10.6-2ubuntu0.4) ...
#8 19.36 Setting up libreadline8t64:amd64 (8.2-4build1) ...
#8 19.37 Setting up libgcc-13-dev:amd64 (13.3.0-6ubuntu2~24.04.1) ...
#8 19.37 Setting up libc6-dev:amd64 (2.39-0ubuntu8.7) ...
#8 19.37 Setting up libarchive13t64:amd64 (3.7.2-2ubuntu0.8) ...
#8 19.37 Setting up libicu-dev:amd64 (74.2-1ubuntu3.1) ...
#8 19.37 Setting up libclang1-20 (1:20.1.2-0ubuntu1~24.04.3) ...
#8 19.38 Setting up libobjc-13-dev:amd64 (13.3.0-6ubuntu2~24.04.1) ...
#8 19.38 Setting up libstdc++-13-dev:amd64 (13.3.0-6ubuntu2~24.04.1) ...
#8 19.38 Setting up binutils-x86-64-linux-gnu (2.42-4ubuntu2.10) ...
#8 19.38 Setting up cpp-x86-64-linux-gnu (4:13.2.0-7ubuntu1) ...
#8 19.38 Setting up libncurses-dev:amd64 (6.4+20240113-1ubuntu2.1) ...
#8 19.39 Setting up libpython3.12-stdlib:amd64 (3.12.3-1ubuntu0.15) ...
#8 19.39 Setting up cpp-13 (13.3.0-6ubuntu2~24.04.1) ...
#8 19.39 Setting up libcurl4t64:amd64 (8.5.0-2ubuntu10.11) ...
#8 19.39 Setting up gcc-13-x86-64-linux-gnu (13.3.0-6ubuntu2~24.04.1) ...
#8 19.40 Setting up python3.12 (3.12.3-1ubuntu0.15) ...
#8 20.23 Setting up llvm-20-runtime (1:20.1.2-0ubuntu1~24.04.3) ...
#8 20.23 Setting up binutils (2.42-4ubuntu2.10) ...
#8 20.23 Setting up llvm-20-linker-tools (1:20.1.2-0ubuntu1~24.04.3) ...
#8 20.23 Setting up libxml2-dev:amd64 (2.9.14+dfsg-1.3ubuntu3.8) ...
#8 20.23 Setting up libclang-cpp20 (1:20.1.2-0ubuntu1~24.04.3) ...
#8 20.24 Setting up llvm-20 (1:20.1.2-0ubuntu1~24.04.3) ...
#8 20.24 Setting up gcc-13 (13.3.0-6ubuntu2~24.04.1) ...
#8 20.24 Setting up libclang-20-dev (1:20.1.2-0ubuntu1~24.04.3) ...
#8 20.24 Setting up zlib1g-dev:amd64 (1:1.3.dfsg-3.1ubuntu2.1) ...
#8 20.24 Setting up cpp (4:13.2.0-7ubuntu1) ...
#8 20.25 Setting up cmake (3.28.3-1build7) ...
#8 20.25 Setting up clang-20 (1:20.1.2-0ubuntu1~24.04.3) ...
#8 20.25 Setting up libpython3-stdlib:amd64 (3.12.3-0ubuntu2.1) ...
#8 20.26 Setting up g++-13-x86-64-linux-gnu (13.3.0-6ubuntu2~24.04.1) ...
#8 20.26 Setting up gcc-x86-64-linux-gnu (4:13.2.0-7ubuntu1) ...
#8 20.26 Setting up python3 (3.12.3-0ubuntu2.1) ...
#8 20.27 running python rtupdate hooks for python3.12...
#8 20.27 running python post-rtupdate hooks for python3.12...
#8 20.35 Setting up gcc (4:13.2.0-7ubuntu1) ...
#8 20.36 Setting up g++-x86-64-linux-gnu (4:13.2.0-7ubuntu1) ...
#8 20.36 Setting up python3-pkg-resources (68.1.2-2ubuntu1.2) ...
#8 20.69 Setting up g++-13 (13.3.0-6ubuntu2~24.04.1) ...
#8 20.70 Setting up python3-yaml (6.0.1-2build2) ...
#8 21.15 Setting up python3-pygments (2.17.2+dfsg-1) ...
#8 21.88 Setting up g++ (4:13.2.0-7ubuntu1) ...
#8 21.88 update-alternatives: using /usr/bin/g++ to provide /usr/bin/c++ (c++) in auto mode
#8 21.88 update-alternatives: warning: skip creation of /usr/share/man/man1/c++.1.gz because associated file /usr/share/man/man1/g++.1.gz (of link group c++) doesn't exist
#8 21.88 Setting up llvm-20-tools (1:20.1.2-0ubuntu1~24.04.3) ...
#8 21.88 Setting up llvm-20-dev (1:20.1.2-0ubuntu1~24.04.3) ...
#8 21.89 Processing triggers for libc-bin (2.39-0ubuntu8.7) ...
#8 21.90 Processing triggers for ca-certificates (20260601~24.04.1) ...
#8 21.91 Updating certificates in /etc/ssl/certs...
#8 22.31 0 added, 0 removed; done.
#8 22.31 Running hooks in /etc/ca-certificates/update.d...
#8 22.31 done.
#8 DONE 24.5s

#9 [build 3/4] COPY . /src
#9 DONE 0.0s

#10 [build 4/4] RUN cmake -S /src -B /build -G Ninja -DCMAKE_BUILD_TYPE=Release         -DCMAKE_PREFIX_PATH=/usr/lib/llvm-20         -DCMAKE_EXE_LINKER_FLAGS="-static-libstdc++ -static-libgcc"         -DCODESKEPTIC_BUILD_TESTS=OFF     && cmake --build /build     && bash /src/scripts/package_release.sh /build/src/codeskeptic /dist clang-20
#10 0.174 -- The C compiler identification is GNU 13.3.0
#10 0.232 -- The CXX compiler identification is GNU 13.3.0
#10 0.249 -- Detecting C compiler ABI info
#10 0.310 -- Detecting C compiler ABI info - done
#10 0.319 -- Check for working C compiler: /usr/bin/cc - skipped
#10 0.319 -- Detecting C compile features
#10 0.319 -- Detecting C compile features - done
#10 0.331 -- Detecting CXX compiler ABI info
#10 0.394 -- Detecting CXX compiler ABI info - done
#10 0.403 -- Check for working CXX compiler: /usr/bin/c++ - skipped
#10 0.404 -- Detecting CXX compile features
#10 0.404 -- Detecting CXX compile features - done
#10 0.410 -- Performing Test HAVE_FFI_CALL
#10 0.462 -- Performing Test HAVE_FFI_CALL - Success
#10 0.463 -- Found FFI: /usr/lib/x86_64-linux-gnu/libffi.so  
#10 0.468 -- Could NOT find LibEdit (missing: LibEdit_INCLUDE_DIRS LibEdit_LIBRARIES) 
#10 0.477 -- Found ZLIB: /usr/lib/x86_64-linux-gnu/libz.so (found version "1.3")  
#10 0.479 -- Found zstd: /usr/lib/x86_64-linux-gnu/libzstd.so  
#10 0.484 -- Found LibXml2: /usr/lib/x86_64-linux-gnu/libxml2.so (found version "2.9.14") 
#10 0.492 -- Could NOT find CURL (missing: CURL_LIBRARY CURL_INCLUDE_DIR) 
#10 0.512 -- Could NOT find LibEdit (missing: LibEdit_INCLUDE_DIRS LibEdit_LIBRARIES) 
#10 0.529 -- Could NOT find CURL (missing: CURL_LIBRARY CURL_INCLUDE_DIR) 
#10 0.536 -- LLVM version: 20.1.2
#10 0.536 -- Clang include dirs: /usr/lib/llvm-20/include
#10 0.564 -- Clang resource dir: /usr/lib/llvm-20/lib/clang/20
#10 0.565 -- Configuring done (0.4s)
#10 0.576 -- Generating done (0.0s)
#10 0.580 -- Build files have been written to: /build
#10 1.020 [1/43] Building CXX object src/CMakeFiles/codeskeptic_core.dir/core/Messages.cpp.o
#10 1.174 [2/43] Building CXX object src/CMakeFiles/codeskeptic_core.dir/engine/AllocFunctions.cpp.o
#10 2.050 [3/43] Building CXX object src/CMakeFiles/codeskeptic_core.dir/source_manager/ResourceDir.cpp.o
#10 3.886 [4/43] Building CXX object src/CMakeFiles/codeskeptic_core.dir/engine/SummaryDiff.cpp.o
#10 4.326 [5/43] Building CXX object src/CMakeFiles/codeskeptic_core.dir/engine/FatalCalls.cpp.o
#10 4.343 [6/43] Building CXX object src/CMakeFiles/codeskeptic_core.dir/engine/RuleEngine.cpp.o
#10 4.959 [7/43] Building CXX object src/CMakeFiles/codeskeptic_core.dir/core/FunctionFilter.cpp.o
#10 5.342 [8/43] Building CXX object src/CMakeFiles/codeskeptic_core.dir/engine/Interval.cpp.o
#10 7.488 [9/43] Building CXX object src/CMakeFiles/codeskeptic_core.dir/engine/CfgCache.cpp.o
#10 14.86 [10/43] Building CXX object src/CMakeFiles/codeskeptic_core.dir/source_manager/SourceManager.cpp.o
#10 15.64 [11/43] Building CXX object src/CMakeFiles/codeskeptic_core.dir/engine/CoverageReport.cpp.o
#10 15.69 [12/43] Building CXX object src/CMakeFiles/codeskeptic_core.dir/engine/AssumptionMode.cpp.o
#10 16.57 [13/43] Building CXX object src/CMakeFiles/codeskeptic_core.dir/reporter/ConsoleReporter.cpp.o
#10 18.66 [14/43] Building CXX object src/CMakeFiles/codeskeptic_core.dir/reporter/HtmlReporter.cpp.o
#10 19.51 [15/43] Building CXX object src/CMakeFiles/codeskeptic_core.dir/reporter/JsonReporter.cpp.o
#10 20.85 [16/43] Building CXX object src/CMakeFiles/codeskeptic_core.dir/reporter/SarifReporter.cpp.o
#10 22.87 [17/43] Building CXX object src/CMakeFiles/codeskeptic_core.dir/config/Config.cpp.o
#10 27.18 [18/43] Building CXX object src/CMakeFiles/codeskeptic_core.dir/engine/IntervalEval.cpp.o
#10 28.85 [19/43] Building CXX object src/CMakeFiles/codeskeptic_core.dir/analyzer/SuppressionFilter.cpp.o
#10 29.82 [20/43] Building CXX object src/CMakeFiles/codeskeptic_core.dir/analyzer/StaticAnalyzer.cpp.o
#10 31.85 [21/43] Building CXX object src/CMakeFiles/codeskeptic_core.dir/analyzer/Baseline.cpp.o
#10 35.51 [22/43] Building CXX object src/CMakeFiles/codeskeptic_core.dir/engine/ExtentMap.cpp.o
#10 36.54 [23/43] Building CXX object src/CMakeFiles/codeskeptic_core.dir/server/McpServer.cpp.o
#10 45.33 [24/43] Building CXX object src/CMakeFiles/codeskeptic_core.dir/engine/PathFacts.cpp.o
#10 56.96 [25/43] Building CXX object src/CMakeFiles/codeskeptic_core.dir/engine/ParamIntervals.cpp.o
#10 63.46 [26/43] Building CXX object src/CMakeFiles/codeskeptic_core.dir/rules/MemoryLeakRule_Ex.cpp.o
#10 75.93 [27/43] Building CXX object src/CMakeFiles/codeskeptic_core.dir/rules/DivByZeroRule.cpp.o
#10 85.17 [28/43] Building CXX object src/CMakeFiles/codeskeptic_core.dir/rules/UninitPointerRule_Ex.cpp.o
#10 86.96 [29/43] Building CXX object src/CMakeFiles/codeskeptic_core.dir/rules/IntOverflowRule.cpp.o
#10 103.1 [30/43] Building CXX object src/CMakeFiles/codeskeptic_core.dir/rules/ContractRule.cpp.o
#10 104.5 [31/43] Building CXX object src/CMakeFiles/codeskeptic_core.dir/rules/NullDerefRule.cpp.o
#10 105.1 [32/43] Building CXX object src/CMakeFiles/codeskeptic_core.dir/rules/AssumptionRule.cpp.o
#10 105.5 [33/43] Building CXX object src/CMakeFiles/codeskeptic_core.dir/rules/PolicyRule.cpp.o
#10 106.4 [34/43] Building CXX object src/CMakeFiles/codeskeptic_core.dir/contracts/Policy.cpp.o
#10 107.8 [35/43] Building CXX object src/CMakeFiles/codeskeptic_core.dir/contracts/ContractParser.cpp.o
#10 109.9 [36/43] Building CXX object src/CMakeFiles/codeskeptic.dir/main.cpp.o
#10 112.1 [37/43] Building CXX object src/CMakeFiles/codeskeptic_core.dir/contracts/ContractInfo.cpp.o
#10 113.2 [38/43] Building CXX object src/CMakeFiles/codeskeptic_core.dir/contracts/Sidecar.cpp.o
#10 113.3 [39/43] Building CXX object src/CMakeFiles/codeskeptic_core.dir/engine/FunctionSummary.cpp.o
#10 114.2 [40/43] Building CXX object src/CMakeFiles/codeskeptic_core.dir/contracts/GuardContracts.cpp.o
#10 114.4 [41/43] Building CXX object src/CMakeFiles/codeskeptic_core.dir/rules/BoundsRule.cpp.o
#10 114.6 [42/43] Linking CXX static library src/libcodeskeptic_core.a
#10 117.1 [43/43] Linking CXX executable src/codeskeptic
#10 119.8 PACKAGE_RESULT name=codeskeptic-v0.4.0-linux-x86_64.tar.gz size=16M version=0.4.0 resource_major=20
#10 DONE 119.9s

#11 [stage-1 3/4] COPY --from=build /dist/codeskeptic-*/ /opt/codeskeptic/
#11 DONE 0.1s

#12 [stage-1 4/4] WORKDIR /work
#12 DONE 0.0s

#13 exporting to image
#13 exporting layers
#13 exporting layers 0.9s done
#13 writing image sha256:3adac9977fe45f9155300019f089426440c26266a3eb3d50c9619442b7e1db60 done
#13 naming to docker.io/library/codeskeptic:test done
#13 DONE 0.9s
