CMake Warning at CMakeLists.txt:5 (message):
  Building with "/usr/local/bin/cmake", which is not the custom CMake
  included in RosBE, might cause build issues...


-- Using linker /usr/bin/i686-w64-mingw32-ld
-- Using linker /usr/bin/i686-w64-mingw32-ld
-- The C compiler identification is Clang 18.1.3
-- The CXX compiler identification is Clang 18.1.3
-- Detecting C compiler ABI info
-- Detecting C compiler ABI info - done
-- Check for working C compiler: /usr/bin/clang - skipped
-- Detecting C compile features
-- Detecting C compile features - done
-- Detecting CXX compiler ABI info
-- Detecting CXX compiler ABI info - done
-- Check for working CXX compiler: /usr/bin/clang++ - skipped
-- Detecting CXX compile features
-- Detecting CXX compile features - done
-- Setting build type to Debug as none was specified.
-- Found Git: /usr/bin/git (found version "2.54.0")
-- Found BISON: /usr/bin/bison (found version "3.8.2")
-- Found FLEX: /usr/bin/flex (found version "2.6.4")
Cross-compiling on non-msvc, no special host-tools cmake command
-- Build type: Debug
-- The ASM compiler identification is GNU
-- Found assembler: /usr/bin/i686-w64-mingw32-gcc
-- Selected localization: all
-- Using libwinpthread from /usr/lib/gcc/i686-w64-mingw32/13-win32/../../../../i686-w64-mingw32/lib/../lib/libwinpthread.a
-- indicdll has no base address
-- cabview has no base address
-- bluetoothapis has no base address
-- combase has no base address
-- coml2 has no base address
-- feclient has no base address
-- ifmon has no base address
-- kernelbase_ros has no base address
-- netutils has no base address
-- shcore has no base address
-- uiautomationcore has no base address
-- winusb has no base address
-- user32_vista has no base address
-- Configuring done (6.4s)
-- Generating done (3.0s)
-- Build files have been written to: /home/runner/work/CodeSkeptic/CodeSkeptic/reactos/build-ros
CONFIGURE_EXIT=0
COMPILE_DB=present entries=8788
